\BOOKMARK [1][-]{section.1}{\376\377\137\025\212\000}{}% 1
\BOOKMARK [1][-]{section.2}{\376\377\143\242\175\042\000A\000d\000u\000l\000t\145\160\143\156\226\306}{}% 2
\BOOKMARK [2][-]{subsection.2.1}{\376\377\000A\000d\000u\000l\000t\145\160\143\156\226\306\166\204\127\372\147\054\117\341\140\157}{section.2}% 3
\BOOKMARK [2][-]{subsection.2.2}{\376\377\145\160\143\156\230\204\131\004\164\006}{section.2}% 4
\BOOKMARK [2][-]{subsection.2.3}{\376\377\000A\000d\000u\000l\000t\145\160\143\156\226\306\116\055\124\004\162\171\137\201\166\204\122\006\136\003}{section.2}% 5
\BOOKMARK [3][-]{subsubsection.2.3.1}{\376\377\145\160\120\074\127\213\162\171\137\201\166\204\122\006\136\003}{subsection.2.3}% 6
\BOOKMARK [3][-]{subsubsection.2.3.2}{\376\377\174\173\122\053\127\213\162\171\137\201\166\204\122\006\136\003}{subsection.2.3}% 7
\BOOKMARK [3][-]{subsubsection.2.3.3}{\376\377\142\100\147\011\134\136\140\047\166\204\122\006\136\003\166\364\145\271\126\376}{subsection.2.3}% 8
\BOOKMARK [2][-]{subsection.2.4}{\376\377\000A\000d\000u\000l\000t\145\160\143\156\226\306\116\055\124\004\162\171\137\201\166\204\166\370\121\163\140\047}{section.2}% 9
\BOOKMARK [1][-]{section.3}{\376\377\122\022\122\006\145\160\143\156\226\306\136\166\147\204\220\040\122\006\174\173\152\041\127\213}{}% 10
\BOOKMARK [2][-]{subsection.3.1}{\376\377\122\022\122\006\145\160\143\156\226\306}{section.3}% 11
\BOOKMARK [2][-]{subsection.3.2}{\376\377\147\204\220\040\122\006\174\173\152\041\127\213}{section.3}% 12
\BOOKMARK [2][-]{subsection.3.3}{\376\377\145\160\143\156\230\204\131\004\164\006}{section.3}% 13
\BOOKMARK [3][-]{subsubsection.3.3.1}{\376\377\000Z\000-\000s\000c\000o\000r\000e\150\007\121\306\123\026\377\010\211\304\203\003\123\026\377\011}{subsection.3.3}% 14
\BOOKMARK [3][-]{subsubsection.3.3.2}{\376\377\124\021\221\317\123\026}{subsection.3.3}% 15
\BOOKMARK [3][-]{subsubsection.3.3.3}{\376\377\122\006\174\173\166\356\150\007\117\356\153\143}{subsection.3.3}% 16
\BOOKMARK [2][-]{subsection.3.4}{\376\377\122\006\174\173\140\047\200\375\213\304\116\367\150\007\121\306}{section.3}% 17
\BOOKMARK [1][-]{section.4}{\376\377\124\004\122\006\174\173\152\041\127\213\166\204\230\204\155\113\176\323\147\234\153\324\217\203}{}% 18
\BOOKMARK [2][-]{subsection.4.1}{\376\377\163\260\147\011\152\041\127\213\145\110\147\234\214\003\147\345}{section.4}% 19
\BOOKMARK [2][-]{subsection.4.2}{\376\377\127\372\176\277\152\041\127\213\377\010\000b\000a\000s\000e\000l\000i\000n\000e\377\011}{section.4}% 20
\BOOKMARK [2][-]{subsection.4.3}{\376\377\121\263\173\126\150\021\152\041\127\213}{section.4}% 21
\BOOKMARK [2][-]{subsection.4.4}{\376\377\000S\000V\000M}{section.4}% 22
\BOOKMARK [3][-]{subsubsection.4.4.1}{\376\377\150\070\121\375\145\160}{subsection.4.4}% 23
\BOOKMARK [3][-]{subsubsection.4.4.2}{\376\377\140\351\177\132\174\373\145\160}{subsection.4.4}% 24
\BOOKMARK [3][-]{subsubsection.4.4.3}{\376\377\000G\000a\000m\000m\000a\000\040\000\050\000\051}{subsection.4.4}% 25
\BOOKMARK [3][-]{subsubsection.4.4.4}{\376\377\134\017\176\323}{subsection.4.4}% 26
\BOOKMARK [2][-]{subsection.4.5}{\376\377\000M\000L\000P}{section.4}% 27
\BOOKMARK [3][-]{subsubsection.4.5.1}{\376\377\157\300\155\073\121\375\145\160}{subsection.4.5}% 28
\BOOKMARK [3][-]{subsubsection.4.5.2}{\376\377\117\030\123\026\173\227\154\325}{subsection.4.5}% 29
\BOOKMARK [3][-]{subsubsection.4.5.3}{\376\377\133\146\116\140\163\207}{subsection.4.5}% 30
\BOOKMARK [3][-]{subsubsection.4.5.4}{\376\377\134\017\176\323}{subsection.4.5}% 31
\BOOKMARK [2][-]{subsection.4.6}{\376\377\152\041\127\213\226\306\142\020}{section.4}% 32
\BOOKMARK [2][-]{subsection.4.7}{\376\377\116\011\171\315\122\006\174\173\152\041\127\213\145\110\147\234\133\371\153\324}{section.4}% 33
\BOOKMARK [3][-]{subsubsection.4.7.1}{\376\377\000Z\000-\000s\000c\000o\000r\000e\150\007\121\306\123\026}{subsection.4.7}% 34
\BOOKMARK [3][-]{subsubsection.4.7.2}{\376\377\000P\000C\000A}{subsection.4.7}% 35
\BOOKMARK [3][-]{subsubsection.4.7.3}{\376\377\147\000\117\163\140\047\200\375\133\371\153\324}{subsection.4.7}% 36
\BOOKMARK [1][-]{section.5}{\376\377\133\371\000A\000d\000u\000l\000t\145\160\143\156\226\306\166\204\122\006\147\220\176\323\213\272}{}% 37
\BOOKMARK [1][-]{appendix.A}{\376\377\226\104\137\125}{}% 38
\BOOKMARK [2][-]{subsection.A.1}{\376\377\117\134\116\032\116\055\117\177\165\050\166\204\135\345\121\167\123\312\136\223\123\005}{appendix.A}% 39
\BOOKMARK [2][-]{subsection.A.2}{\376\377\000A\000d\000u\000l\000t\145\160\143\156\226\306\162\171\137\201\122\006\136\003\210\145\121\105\215\104\145\231}{appendix.A}% 40
\BOOKMARK [3][-]{subsubsection.A.2.1}{\376\377\000A\000d\000u\000l\000t\145\160\143\156\226\306\142\100\147\011\134\136\140\047\122\006\136\003\166\364\145\271\126\376}{subsection.A.2}% 41
\BOOKMARK [3][-]{subsubsection.A.2.2}{\376\377\000n\000a\000t\000i\000v\000e\000-\000c\000o\000u\000n\000t\000r\000y\162\171\137\201\166\204\213\346\176\306\122\006\136\003}{subsection.A.2}% 42
\BOOKMARK [3][-]{subsubsection.A.2.3}{\376\377\124\004\174\173\122\053\127\213\162\171\137\201\116\013\166\204\213\346\176\306\174\173\124\015}{subsection.A.2}% 43
